Arguments: 
  C:\Program Files\nodejs\node.exe C:\Users\BolaTeam\AppData\Roaming\npm\node_modules\yarn\bin\yarn.js add --dev hardhat@^2.17.1 @nomicfoundation/hardhat-toolbox@^3.0.0

PATH: 
  C:\Windows\system32;C:\Windows;C:\Windows\System32\Wbem;C:\Windows\System32\WindowsPowerShell\v1.0\;C:\Windows\System32\OpenSSH\;C:\Program Files\Docker\Docker\resources\bin;C:\Program Files\Git\cmd;C:\Program Files\nodejs\;C:\Program Files (x86)\HP\Common\HPDestPlgIn\;C:\Users\BolaTeam\AppData\Local\Programs\Python\Python311\Scripts\;C:\Users\BolaTeam\AppData\Local\Programs\Python\Python311\;C:\Users\BolaTeam\AppData\Local\Microsoft\WindowsApps;C:\Users\BolaTeam\AppData\Local\Programs\Microsoft VS Code\bin;C:\Users\BolaTeam\AppData\Roaming\npm;C:\Program Files (x86)\HP\Common\HPDestPlgIn\

Yarn version: 
  1.22.19

Node version: 
  18.16.0

Platform: 
  win32 x64

Trace: 
  Error: EIO: i/o error, copyfile 'C:\Users\BolaTeam\AppData\Local\Yarn\Cache\v6\npm-fp-ts-1.19.5-3da865e585dfa1fdfd51785417357ac50afc520a-integrity\node_modules\fp-ts\es6\BoundedDistributiveLattice.js' -> 'D:\dev\Offlick\offlink\backend\node_modules\io-ts\node_modules\fp-ts\es6\BoundedDistributiveLattice.js'

npm manifest: 
  {
    "name": "hardhat-project"
  }

yarn manifest: 
  No manifest

Lockfile: 
  No lockfile
